2023-12-13 00:12:44:1244 error: no session
2023-12-13 00:12:56:1256 error: no session
2023-12-13 00:15:29:1529 error: no session
2023-12-13 00:16:20:1620 error: no session
2023-12-13 00:17:16:1716 error: no session
2023-12-13 00:17:42:1742 error: no session
2023-12-13 00:32:23:3223 error: kakaoAccessToken is not defined 
 Error Stack: ReferenceError: kakaoAccessToken is not defined
    at kakaoCallback (/home/ec2-user/project_icare2/controllers/user.controller.js:52:46)
    at process.processTicksAndRejections (node:internal/process/task_queues:95:5)
2023-12-13 02:23:14:2314 error: no session
2023-12-13 02:23:15:2315 error: no session
2023-12-13 02:23:15:2315 error: no session
2023-12-13 02:23:15:2315 error: no session
2023-12-13 02:23:15:2315 error: no session
2023-12-13 02:23:15:2315 error: no session
2023-12-13 02:26:48:2648 error: no session
2023-12-13 02:27:08:278 error: no session
2023-12-13 02:27:08:278 error: no session
2023-12-13 02:27:09:279 error: no session
2023-12-13 02:27:10:2710 error: no session
2023-12-13 02:27:10:2710 error: no session
2023-12-13 02:27:10:2710 error: no session
2023-12-13 02:27:10:2710 error: no session
2023-12-13 02:27:10:2710 error: no session
2023-12-13 02:27:11:2711 error: no session
2023-12-13 02:27:11:2711 error: no session
2023-12-13 02:27:11:2711 error: no session
2023-12-13 02:27:12:2712 error: no session
2023-12-13 02:27:16:2716 error: no session
2023-12-13 02:27:17:2717 error: no session
2023-12-13 02:27:17:2717 error: no session
2023-12-13 02:27:22:2722 error: no session
2023-12-13 02:27:44:2744 error: no session
2023-12-13 02:27:44:2744 error: no session
2023-12-13 02:27:44:2744 error: no session
2023-12-13 02:27:44:2744 error: no session
2023-12-13 02:27:45:2745 error: no session
2023-12-13 02:31:09:319 error: no session
2023-12-13 02:31:09:319 error: no session
2023-12-13 02:31:09:319 error: no session
2023-12-13 02:31:10:3110 error: no session
2023-12-13 02:31:10:3110 error: no session
2023-12-13 02:31:10:3110 error: no session
2023-12-13 02:31:11:3111 error: no session
2023-12-13 02:31:11:3111 error: no session
2023-12-13 02:31:11:3111 error: no session
2023-12-13 02:31:12:3112 error: no session
2023-12-13 02:31:13:3113 error: no session
2023-12-13 02:31:14:3114 error: no session
2023-12-13 03:58:10:5810 error: no session
2023-12-13 03:58:11:5811 error: no session
2023-12-13 03:58:11:5811 error: no session
2023-12-13 03:58:11:5811 error: no session
2023-12-13 03:58:11:5811 error: no session
2023-12-13 03:58:11:5811 error: no session
2023-12-13 03:58:12:5812 error: no session
2023-12-13 03:58:12:5812 error: no session
2023-12-13 03:58:12:5812 error: no session
2023-12-13 03:58:12:5812 error: no session
2023-12-13 03:58:12:5812 error: no session
2023-12-13 03:58:13:5813 error: no session
2023-12-13 03:58:13:5813 error: no session
2023-12-13 03:58:13:5813 error: no session
2023-12-13 03:58:13:5813 error: no session
2023-12-13 03:58:13:5813 error: no session
2023-12-13 03:58:13:5813 error: no session
2023-12-13 03:58:14:5814 error: no session
2023-12-13 03:58:14:5814 error: no session
2023-12-13 03:58:14:5814 error: no session
2023-12-13 03:58:14:5814 error: no session
2023-12-13 03:58:14:5814 error: no session
2023-12-13 03:58:15:5815 error: no session
2023-12-13 03:58:15:5815 error: no session
2023-12-13 03:58:15:5815 error: no session
2023-12-13 03:58:15:5815 error: no session
2023-12-13 03:58:15:5815 error: no session
2023-12-13 03:58:15:5815 error: no session
2023-12-13 03:58:16:5816 error: no session
2023-12-13 04:01:00:10 error: no session
2023-12-13 04:01:01:11 error: no session
2023-12-13 04:01:01:11 error: no session
2023-12-13 04:01:40:140 error: Cannot read properties of undefined (reading 'user_id') 
 Error Stack: TypeError: Cannot read properties of undefined (reading 'user_id')
    at testcheckJsonWebToken (/home/ec2-user/project_icare2/controllers/user.controller.js:336:46)
    at process.processTicksAndRejections (node:internal/process/task_queues:95:5)
2023-12-13 04:03:08:38 error: no session
2023-12-13 04:03:08:38 error: no session
2023-12-13 04:03:09:39 error: no session
2023-12-13 04:03:09:39 error: no session
2023-12-13 04:03:10:310 error: no session
2023-12-13 04:03:10:310 error: no session
2023-12-13 04:03:10:310 error: no session
2023-12-13 04:03:11:311 error: no session
2023-12-13 04:03:11:311 error: no session
2023-12-13 04:03:11:311 error: no session
2023-12-13 04:03:11:311 error: no session
2023-12-13 04:03:11:311 error: no session
2023-12-13 04:05:26:526 error: no session
2023-12-13 04:12:06:126 error: no session
2023-12-13 04:13:23:1323 error: no session
2023-12-13 04:13:24:1324 error: no session
2023-12-13 04:13:24:1324 error: no session
2023-12-13 04:13:25:1325 error: no session
2023-12-13 04:13:25:1325 error: no session
2023-12-13 04:13:26:1326 error: no session
2023-12-13 04:13:26:1326 error: no session
2023-12-13 04:13:29:1329 error: no session
2023-12-13 04:13:30:1330 error: no session
2023-12-13 04:27:12:2712 error: no session
2023-12-13 05:08:05:85 error: no session
2023-12-13 05:19:01:191 error: no session
2023-12-13 05:19:44:1944 error: no session
2023-12-13 05:19:45:1945 error: no session
2023-12-13 05:19:45:1945 error: no session
2023-12-13 05:19:45:1945 error: no session
2023-12-13 05:19:45:1945 error: no session
2023-12-13 05:27:13:2713 error: no session
2023-12-13 06:26:19:2619 error: no session
2023-12-13 06:26:19:2619 error: no session
2023-12-13 06:26:20:2620 error: no session
2023-12-13 06:26:20:2620 error: no session
2023-12-13 06:26:21:2621 error: no session
2023-12-13 06:26:22:2622 error: no session
2023-12-13 06:26:22:2622 error: no session
2023-12-13 06:26:23:2623 error: no session
2023-12-13 06:26:23:2623 error: no session
2023-12-13 06:26:23:2623 error: no session
2023-12-13 06:26:23:2623 error: no session
2023-12-13 06:26:23:2623 error: no session
2023-12-13 06:26:24:2624 error: no session
2023-12-13 06:26:24:2624 error: no session
2023-12-13 06:26:24:2624 error: no session
2023-12-13 06:26:24:2624 error: no session
2023-12-13 06:52:37:5237 error: no session
2023-12-13 06:53:08:538 error: no session
2023-12-13 06:53:08:538 error: no session
2023-12-13 07:30:08:308 error: no session
2023-12-13 07:46:48:4648 error: no session
2023-12-13 23:09:47:947 error: no session
2023-12-13 23:11:02:112 error: no session
2023-12-13 23:16:18:1618 error: INTERNAL SERVER ERROR id is not defined 
 Error Stack: ReferenceError: id is not defined
    at deleteSession (/home/ec2-user/project_icare2/controllers/user.controller.js:207:60)
    at process.processTicksAndRejections (node:internal/process/task_queues:95:5)
2023-12-13 23:16:19:1619 error: INTERNAL SERVER ERROR id is not defined 
 Error Stack: ReferenceError: id is not defined
    at deleteSession (/home/ec2-user/project_icare2/controllers/user.controller.js:207:60)
    at process.processTicksAndRejections (node:internal/process/task_queues:95:5)
2023-12-13 23:16:36:1636 error: INTERNAL SERVER ERROR id is not defined 
 Error Stack: ReferenceError: id is not defined
    at deleteSession (/home/ec2-user/project_icare2/controllers/user.controller.js:207:60)
    at process.processTicksAndRejections (node:internal/process/task_queues:95:5)
2023-12-13 23:16:36:1636 error: INTERNAL SERVER ERROR id is not defined 
 Error Stack: ReferenceError: id is not defined
    at deleteSession (/home/ec2-user/project_icare2/controllers/user.controller.js:207:60)
    at process.processTicksAndRejections (node:internal/process/task_queues:95:5)
2023-12-13 23:38:03:383 error: no session
2023-12-13 23:39:18:3918 error: no session
2023-12-13 23:41:38:4138 error: no session
2023-12-13 23:45:20:4520 error: no session
2023-12-13 23:46:21:4621 error: no session
